app/..b/intermediates/manifest_merge_blame_file/debug/manifest-merger-blame-debug-report.txt
1<?xml version="1.0" encoding="utf-8"?>
2<manifest xmlns:android="http://schemas.android.com/apk/res/android"
3    package="com.RakhaArgyaZahranJSleepDN.jsleep_android"
4    android:versionCode="1"
5    android:versionName="1.0" >
6
7    <uses-sdk
8        android:minSdkVersion="21"
8-->src\main\AndroidManifest.xml
9        android:targetSdkVersion="32" />
9-->src\main\AndroidManifest.xml
10
11    <uses-permission android:name="android.permission.ACCESS_NETWORK_STATE" />
11-->src\main\AndroidManifest.xml:5:5-79
11-->src\main\AndroidManifest.xml:5:22-76
12    <uses-permission android:name="android.permission.INTERNET" />
12-->src\main\AndroidManifest.xml:6:5-67
12-->src\main\AndroidManifest.xml:6:22-64
13
14    <application
14-->src\main\AndroidManifest.xml:8:5-63:19
15        android:allowBackup="true"
15-->src\main\AndroidManifest.xml:9:9-35
16        android:appComponentFactory="androidx.core.app.CoreComponentFactory"
16-->[androidx.core:core:1.7.0] AndroidManifest.xml:24:18-86
17        android:dataExtractionRules="@xml/data_extraction_rules"
17-->src\main\AndroidManifest.xml:10:9-65
18        android:debuggable="true"
19        android:fullBackupContent="@xml/backup_rules"
19-->src\main\AndroidManifest.xml:11:9-54
20        android:icon="@mipmap/ic_launcher"
20-->src\main\AndroidManifest.xml:12:9-43
21        android:label="@string/app_name"
21-->src\main\AndroidManifest.xml:13:9-41
22        android:networkSecurityConfig="@xml/network_security_config"
22-->src\main\AndroidManifest.xml:14:9-69
23        android:roundIcon="@mipmap/ic_launcher_round"
23-->src\main\AndroidManifest.xml:15:9-54
24        android:supportsRtl="true"
24-->src\main\AndroidManifest.xml:16:9-35
25        android:testOnly="true"
26        android:theme="@style/Theme.Jsleepandroid" >
26-->src\main\AndroidManifest.xml:17:9-51
27        <activity
27-->src\main\AndroidManifest.xml:19:9-25:20
28            android:name="com.RakhaArgyaZahranJSleepDN.jsleep_android.CreateRoomActivity"
28-->src\main\AndroidManifest.xml:20:13-47
29            android:exported="false" >
29-->src\main\AndroidManifest.xml:21:13-37
30            <meta-data
30-->src\main\AndroidManifest.xml:22:13-24:36
31                android:name="android.app.lib_name"
31-->src\main\AndroidManifest.xml:23:17-52
32                android:value="" />
32-->src\main\AndroidManifest.xml:24:17-33
33        </activity>
34        <activity
34-->src\main\AndroidManifest.xml:26:9-32:20
35            android:name="com.RakhaArgyaZahranJSleepDN.jsleep_android.DetailRoomActivity"
35-->src\main\AndroidManifest.xml:27:13-47
36            android:exported="false" >
36-->src\main\AndroidManifest.xml:28:13-37
37            <meta-data
37-->src\main\AndroidManifest.xml:22:13-24:36
38                android:name="android.app.lib_name"
38-->src\main\AndroidManifest.xml:23:17-52
39                android:value="" />
39-->src\main\AndroidManifest.xml:24:17-33
40        </activity>
41        <activity
41-->src\main\AndroidManifest.xml:33:9-39:20
42            android:name="com.RakhaArgyaZahranJSleepDN.jsleep_android.AboutMeActivity"
42-->src\main\AndroidManifest.xml:34:13-44
43            android:exported="false" >
43-->src\main\AndroidManifest.xml:35:13-37
44            <meta-data
44-->src\main\AndroidManifest.xml:22:13-24:36
45                android:name="android.app.lib_name"
45-->src\main\AndroidManifest.xml:23:17-52
46                android:value="" />
46-->src\main\AndroidManifest.xml:24:17-33
47        </activity>
48        <activity
48-->src\main\AndroidManifest.xml:40:9-46:20
49            android:name="com.RakhaArgyaZahranJSleepDN.jsleep_android.MainActivity"
49-->src\main\AndroidManifest.xml:41:13-41
50            android:exported="false" >
50-->src\main\AndroidManifest.xml:42:13-37
51            <meta-data
51-->src\main\AndroidManifest.xml:22:13-24:36
52                android:name="android.app.lib_name"
52-->src\main\AndroidManifest.xml:23:17-52
53                android:value="" />
53-->src\main\AndroidManifest.xml:24:17-33
54        </activity>
55        <activity
55-->src\main\AndroidManifest.xml:47:9-53:20
56            android:name="com.RakhaArgyaZahranJSleepDN.jsleep_android.RegisterActivity"
56-->src\main\AndroidManifest.xml:48:13-45
57            android:exported="false" >
57-->src\main\AndroidManifest.xml:49:13-37
58            <meta-data
58-->src\main\AndroidManifest.xml:22:13-24:36
59                android:name="android.app.lib_name"
59-->src\main\AndroidManifest.xml:23:17-52
60                android:value="" />
60-->src\main\AndroidManifest.xml:24:17-33
61        </activity>
62        <activity
62-->src\main\AndroidManifest.xml:54:9-62:20
63            android:name="com.RakhaArgyaZahranJSleepDN.jsleep_android.LoginActivity"
63-->src\main\AndroidManifest.xml:55:13-42
64            android:exported="true" >
64-->src\main\AndroidManifest.xml:56:13-36
65            <intent-filter>
65-->src\main\AndroidManifest.xml:57:13-61:29
66                <action android:name="android.intent.action.MAIN" />
66-->src\main\AndroidManifest.xml:58:17-69
66-->src\main\AndroidManifest.xml:58:25-66
67
68                <category android:name="android.intent.category.LAUNCHER" />
68-->src\main\AndroidManifest.xml:60:17-77
68-->src\main\AndroidManifest.xml:60:27-74
69            </intent-filter>
70        </activity>
71
72        <provider
72-->[androidx.emoji2:emoji2:1.0.0] AndroidManifest.xml:26:9-34:20
73            android:name="androidx.startup.InitializationProvider"
73-->[androidx.emoji2:emoji2:1.0.0] AndroidManifest.xml:27:13-67
74            android:authorities="com.RakhaArgyaZahranJSleepDN.jsleep_android.androidx-startup"
74-->[androidx.emoji2:emoji2:1.0.0] AndroidManifest.xml:28:13-68
75            android:exported="false" >
75-->[androidx.emoji2:emoji2:1.0.0] AndroidManifest.xml:29:13-37
76            <meta-data
76-->[androidx.emoji2:emoji2:1.0.0] AndroidManifest.xml:31:13-33:52
77                android:name="androidx.emoji2.text.EmojiCompatInitializer"
77-->[androidx.emoji2:emoji2:1.0.0] AndroidManifest.xml:32:17-75
78                android:value="androidx.startup" />
78-->[androidx.emoji2:emoji2:1.0.0] AndroidManifest.xml:33:17-49
79            <meta-data
79-->[androidx.lifecycle:lifecycle-process:2.4.0] AndroidManifest.xml:31:13-33:52
80                android:name="androidx.lifecycle.ProcessLifecycleInitializer"
80-->[androidx.lifecycle:lifecycle-process:2.4.0] AndroidManifest.xml:32:17-78
81                android:value="androidx.startup" />
81-->[androidx.lifecycle:lifecycle-process:2.4.0] AndroidManifest.xml:33:17-49
82        </provider>
83    </application>
84
85</manifest>